0 info it worked if it ends with ok
1 verbose cli [ '/usr/local/bin/node',
1 verbose cli   '/usr/local/bin/npm',
1 verbose cli   'run',
1 verbose cli   'ionic:build',
1 verbose cli   '--' ]
2 info using npm@3.10.7
3 info using node@v6.4.0
4 verbose run-script [ 'preionic:build', 'ionic:build', 'postionic:build' ]
5 info lifecycle eat.e@~preionic:build: eat.e@
6 silly lifecycle eat.e@~preionic:build: no script for preionic:build, continuing
7 info lifecycle eat.e@~ionic:build: eat.e@
8 verbose lifecycle eat.e@~ionic:build: unsafe-perm in lifecycle true
9 verbose lifecycle eat.e@~ionic:build: PATH: /usr/local/lib/node_modules/npm/bin/node-gyp-bin:/Users/mehdi/Documents/eat.e/appv2/node_modules/.bin:/Users/mehdi/Library/Android/sdk/platform-tools:/Users/mehdi/Library/android/sdk/tools:/Users/mehdi/.rbenv/shims:/Users/mehdi/.rbenv/shims:/usr/local/bin:/usr/bin:/bin:/usr/sbin:/sbin
10 verbose lifecycle eat.e@~ionic:build: CWD: /Users/mehdi/Documents/eat.e/appv2
11 silly lifecycle eat.e@~ionic:build: Args: [ '-c', 'ionic-app-scripts build' ]
12 silly lifecycle eat.e@~ionic:build: Returned: code: 1  signal: null
13 info lifecycle eat.e@~ionic:build: Failed to exec ionic:build script
14 verbose stack Error: eat.e@ ionic:build: `ionic-app-scripts build`
14 verbose stack Exit status 1
14 verbose stack     at EventEmitter.<anonymous> (/usr/local/lib/node_modules/npm/lib/utils/lifecycle.js:255:16)
14 verbose stack     at emitTwo (events.js:106:13)
14 verbose stack     at EventEmitter.emit (events.js:191:7)
14 verbose stack     at ChildProcess.<anonymous> (/usr/local/lib/node_modules/npm/lib/utils/spawn.js:40:14)
14 verbose stack     at emitTwo (events.js:106:13)
14 verbose stack     at ChildProcess.emit (events.js:191:7)
14 verbose stack     at maybeClose (internal/child_process.js:852:16)
14 verbose stack     at Process.ChildProcess._handle.onexit (internal/child_process.js:215:5)
15 verbose pkgid eat.e@
16 verbose cwd /Users/mehdi/Documents/eat.e/appv2
17 error Darwin 16.1.0
18 error argv "/usr/local/bin/node" "/usr/local/bin/npm" "run" "ionic:build" "--"
19 error node v6.4.0
20 error npm  v3.10.7
21 error code ELIFECYCLE
22 error eat.e@ ionic:build: `ionic-app-scripts build`
22 error Exit status 1
23 error Failed at the eat.e@ ionic:build script 'ionic-app-scripts build'.
23 error Make sure you have the latest version of node.js and npm installed.
23 error If you do, this is most likely a problem with the eat.e package,
23 error not with npm itself.
23 error Tell the author that this fails on your system:
23 error     ionic-app-scripts build
23 error You can get information on how to open an issue for this project with:
23 error     npm bugs eat.e
23 error Or if that isn't available, you can get their info via:
23 error     npm owner ls eat.e
23 error There is likely additional logging output above.
24 verbose exit [ 1, true ]
